  funkcje.cpp
C:\Users\Maciej\Desktop\Programowanie\projekty\jakDojade_remaster\jakDojade_remaster\headers\hashmap.h(65,3): warning C4984: „if constexpr” jest rozszerzeniem języka C++17
  (kompilowanie pliku źródłowego „funkcje.cpp”)
  
C:\Users\Maciej\Desktop\Programowanie\projekty\jakDojade_remaster\jakDojade_remaster\headers\hashmap.h(76,2): warning C4984: „if constexpr” jest rozszerzeniem języka C++17
  (kompilowanie pliku źródłowego „funkcje.cpp”)
  
C:\Users\Maciej\Desktop\Programowanie\projekty\jakDojade_remaster\jakDojade_remaster\headers\hashmap.h(90,3): warning C4984: „if constexpr” jest rozszerzeniem języka C++17
  (kompilowanie pliku źródłowego „funkcje.cpp”)
  
C:\Users\Maciej\Desktop\Programowanie\projekty\jakDojade_remaster\jakDojade_remaster\headers\hashmap.h(112,3): warning C4984: „if constexpr” jest rozszerzeniem języka C++17
  (kompilowanie pliku źródłowego „funkcje.cpp”)
  
C:\Users\Maciej\Desktop\Programowanie\projekty\jakDojade_remaster\jakDojade_remaster\headers\hashmap.h(117,5): warning C4984: „if constexpr” jest rozszerzeniem języka C++17
  (kompilowanie pliku źródłowego „funkcje.cpp”)
  
C:\Users\Maciej\Desktop\Programowanie\projekty\jakDojade_remaster\jakDojade_remaster\headers\hashmap.h(122,10): warning C4984: „if constexpr” jest rozszerzeniem języka C++17
  (kompilowanie pliku źródłowego „funkcje.cpp”)
  
C:\Users\Maciej\Desktop\Programowanie\projekty\jakDojade_remaster\jakDojade_remaster\headers\hashmap.h(131,4): warning C4984: „if constexpr” jest rozszerzeniem języka C++17
  (kompilowanie pliku źródłowego „funkcje.cpp”)
  
C:\Users\Maciej\Desktop\Programowanie\projekty\jakDojade_remaster\jakDojade_remaster\headers\hashmap.h(145,2): warning C4984: „if constexpr” jest rozszerzeniem języka C++17
  (kompilowanie pliku źródłowego „funkcje.cpp”)
  
C:\Users\Maciej\Desktop\Programowanie\projekty\jakDojade_remaster\jakDojade_remaster\headers\hashmap.h(155,7): warning C4984: „if constexpr” jest rozszerzeniem języka C++17
  (kompilowanie pliku źródłowego „funkcje.cpp”)
  
  main.cpp
C:\Users\Maciej\Desktop\Programowanie\projekty\jakDojade_remaster\jakDojade_remaster\headers\hashmap.h(65,3): warning C4984: „if constexpr” jest rozszerzeniem języka C++17
  (kompilowanie pliku źródłowego „main.cpp”)
  
C:\Users\Maciej\Desktop\Programowanie\projekty\jakDojade_remaster\jakDojade_remaster\headers\hashmap.h(76,2): warning C4984: „if constexpr” jest rozszerzeniem języka C++17
  (kompilowanie pliku źródłowego „main.cpp”)
  
C:\Users\Maciej\Desktop\Programowanie\projekty\jakDojade_remaster\jakDojade_remaster\headers\hashmap.h(90,3): warning C4984: „if constexpr” jest rozszerzeniem języka C++17
  (kompilowanie pliku źródłowego „main.cpp”)
  
C:\Users\Maciej\Desktop\Programowanie\projekty\jakDojade_remaster\jakDojade_remaster\headers\hashmap.h(112,3): warning C4984: „if constexpr” jest rozszerzeniem języka C++17
  (kompilowanie pliku źródłowego „main.cpp”)
  
C:\Users\Maciej\Desktop\Programowanie\projekty\jakDojade_remaster\jakDojade_remaster\headers\hashmap.h(117,5): warning C4984: „if constexpr” jest rozszerzeniem języka C++17
  (kompilowanie pliku źródłowego „main.cpp”)
  
C:\Users\Maciej\Desktop\Programowanie\projekty\jakDojade_remaster\jakDojade_remaster\headers\hashmap.h(122,10): warning C4984: „if constexpr” jest rozszerzeniem języka C++17
  (kompilowanie pliku źródłowego „main.cpp”)
  
C:\Users\Maciej\Desktop\Programowanie\projekty\jakDojade_remaster\jakDojade_remaster\headers\hashmap.h(131,4): warning C4984: „if constexpr” jest rozszerzeniem języka C++17
  (kompilowanie pliku źródłowego „main.cpp”)
  
C:\Users\Maciej\Desktop\Programowanie\projekty\jakDojade_remaster\jakDojade_remaster\headers\hashmap.h(145,2): warning C4984: „if constexpr” jest rozszerzeniem języka C++17
  (kompilowanie pliku źródłowego „main.cpp”)
  
C:\Users\Maciej\Desktop\Programowanie\projekty\jakDojade_remaster\jakDojade_remaster\headers\hashmap.h(155,7): warning C4984: „if constexpr” jest rozszerzeniem języka C++17
  (kompilowanie pliku źródłowego „main.cpp”)
  
  Generowanie kodu...
C:\Users\Maciej\Desktop\Programowanie\projekty\jakDojade_remaster\jakDojade_remaster\headers\hashmap.h(162,1): warning C4715: "hashmap<char *,list<hashElement> *>::hash”: niewszystkie ścieżki kodu zwracają wartość
C:\Users\Maciej\Desktop\Programowanie\projekty\jakDojade_remaster\jakDojade_remaster\headers\hashmap.h(162,1): warning C4715: "hashmap<char *,pair<int,char *> >::hash”: niewszystkie ścieżki kodu zwracają wartość
C:\Users\Maciej\Desktop\Programowanie\projekty\jakDojade_remaster\jakDojade_remaster\headers\hashmap.h(162,1): warning C4715: "hashmap<char *,list<hashElement> *>::hash”: niewszystkie ścieżki kodu zwracają wartość
  jakDojade_remaster.vcxproj -> C:\Users\Maciej\Desktop\Programowanie\projekty\jakDojade_remaster\jakDojade_remaster\x64\Debug\jakDojade_remaster.exe
